<?xml version="1.0" encoding="UTF-8"?>
<!-- Generated by org.testng.reporters.JUnitReportReporter -->
<testsuite hostname="Akash" failures="0" tests="1" name="com.interactivebrokers.qa.testcases.CitibanksearchonPortfolioPageTest" time="53.648" errors="0" timestamp="2025-03-02T13:53:21 EST" skipped="0">
  <testcase classname="com.interactivebrokers.qa.testcases.CitibanksearchonPortfolioPageTest" name="citibankserchTest" time="53.648"/>
</testsuite> <!-- com.interactivebrokers.qa.testcases.CitibanksearchonPortfolioPageTest -->
