<?xml version="1.0" encoding="UTF-8"?>
<!-- Generated by org.testng.reporters.JUnitReportReporter -->
<testsuite hostname="Akash" failures="0" tests="2" name="com.interactivebrokers.qa.testcases.LoginPageTest" time="9.460" errors="0" timestamp="2025-03-02T13:53:21 EST" skipped="0">
  <testcase classname="com.interactivebrokers.qa.testcases.LoginPageTest" name="loginTest" time="2.452"/>
  <testcase classname="com.interactivebrokers.qa.testcases.LoginPageTest" name="verifyIBKRlogo" time="7.008"/>
</testsuite> <!-- com.interactivebrokers.qa.testcases.LoginPageTest -->
