<?xml version="1.0" encoding="UTF-8"?>
<!-- Generated by org.testng.reporters.JUnitReportReporter -->
<testsuite hostname="Akash" failures="0" tests="1" name="com.interactivebrokers.qa.testcases.AddofflinentertransactionTest" time="19.147" errors="0" timestamp="2025-03-07T12:19:51 EST" skipped="0">
  <testcase classname="com.interactivebrokers.qa.testcases.AddofflinentertransactionTest" name="verifyaddedamount" time="19.147"/>
</testsuite> <!-- com.interactivebrokers.qa.testcases.AddofflinentertransactionTest -->
