<?xml version="1.0" encoding="UTF-8"?>
<!-- Generated by org.testng.reporters.JUnitReportReporter -->
<testsuite hostname="Akash" failures="0" tests="1" name="com.interactivebrokers.qa.testcases.CitibanksearchonPortfolioPageTest" time="57.810" errors="0" timestamp="2025-03-11T12:41:11 EDT" skipped="0">
  <testcase classname="com.interactivebrokers.qa.testcases.CitibanksearchonPortfolioPageTest" name="citibankserchTest" time="57.810"/>
</testsuite> <!-- com.interactivebrokers.qa.testcases.CitibanksearchonPortfolioPageTest -->
