<?xml version="1.0" encoding="UTF-8"?>
<!-- Generated by org.testng.reporters.JUnitReportReporter -->
<testsuite hostname="Akash" failures="0" tests="2" name="com.interactivebrokers.qa.testcases.LoginPageTest" time="15.203" errors="0" timestamp="2025-03-11T12:41:11 EDT" skipped="0">
  <testcase classname="com.interactivebrokers.qa.testcases.LoginPageTest" name="loginTest" time="5.029"/>
  <testcase classname="com.interactivebrokers.qa.testcases.LoginPageTest" name="verifyIBKRlogo" time="10.174"/>
</testsuite> <!-- com.interactivebrokers.qa.testcases.LoginPageTest -->
